2019-03-27 00:00:44.901 DEBUG 2953 --- [clientInboundChannel-9] c.c.scheduler.SchedulerApplication       : Input for saveSingleEvent: {"eventName":"ee","startDate":"2019-03-12","endDate":"2019-03-26","recurNum":"0","recurPattern":"d","weekPattern":"","startMonth":"0","recurFreq":"7"}
2019-03-27 00:00:44.910 DEBUG 2953 --- [clientInboundChannel-9] c.c.scheduler.SchedulerApplication       : Input for createEventObj: {eventName=ee, startDate=2019-03-12, endDate=2019-03-26, recurNum=0, recurPattern=d, weekPattern=, startMonth=0, recurFreq=7}
2019-03-27 00:00:44.910 DEBUG 2953 --- [clientInboundChannel-9] c.c.scheduler.SchedulerApplication       : Input for dateFormat: inputDate = 2019-03-12 ~ dateType = start
2019-03-27 00:00:44.911 DEBUG 2953 --- [clientInboundChannel-9] c.c.scheduler.SchedulerApplication       : Result of dateFormat: 2019-03-12
2019-03-27 00:00:44.911 DEBUG 2953 --- [clientInboundChannel-9] c.c.scheduler.SchedulerApplication       : Input for dateFormat: inputDate = 2019-03-26 ~ dateType = end
2019-03-27 00:00:44.912 DEBUG 2953 --- [clientInboundChannel-9] c.c.scheduler.SchedulerApplication       : Result of dateFormat: 2019-03-26
2019-03-27 00:00:44.912 DEBUG 2953 --- [clientInboundChannel-9] c.c.scheduler.SchedulerApplication       : Input for eliminateNull: ee
2019-03-27 00:00:44.912 DEBUG 2953 --- [clientInboundChannel-9] c.c.scheduler.SchedulerApplication       : Result of eliminateNull: ee
2019-03-27 00:00:44.912 DEBUG 2953 --- [clientInboundChannel-9] c.c.scheduler.SchedulerApplication       : Input for intFormat: inputInt = 0 ~ expnVal = 1
2019-03-27 00:00:44.912 DEBUG 2953 --- [clientInboundChannel-9] c.c.scheduler.SchedulerApplication       : Result of intFormat: 0
2019-03-27 00:00:44.912 DEBUG 2953 --- [clientInboundChannel-9] c.c.scheduler.SchedulerApplication       : Input for charFormat: d
2019-03-27 00:00:44.912 DEBUG 2953 --- [clientInboundChannel-9] c.c.scheduler.SchedulerApplication       : Input for eliminateNull: d
2019-03-27 00:00:44.912 DEBUG 2953 --- [clientInboundChannel-9] c.c.scheduler.SchedulerApplication       : Result of eliminateNull: d
2019-03-27 00:00:44.912 DEBUG 2953 --- [clientInboundChannel-9] c.c.scheduler.SchedulerApplication       : Result of charFormat: d
2019-03-27 00:00:44.913 DEBUG 2953 --- [clientInboundChannel-9] c.c.scheduler.SchedulerApplication       : Input for eliminateNull: 
2019-03-27 00:00:44.913 DEBUG 2953 --- [clientInboundChannel-9] c.c.scheduler.SchedulerApplication       : Result of eliminateNull: 
2019-03-27 00:00:44.913 DEBUG 2953 --- [clientInboundChannel-9] c.c.scheduler.SchedulerApplication       : Input for intFormat: inputInt = 0 ~ expnVal = 0
2019-03-27 00:00:44.913 DEBUG 2953 --- [clientInboundChannel-9] c.c.scheduler.SchedulerApplication       : Result of intFormat: 0
2019-03-27 00:00:44.913 DEBUG 2953 --- [clientInboundChannel-9] c.c.scheduler.SchedulerApplication       : Input for intFormat: inputInt = 7 ~ expnVal = 1
2019-03-27 00:00:44.913 DEBUG 2953 --- [clientInboundChannel-9] c.c.scheduler.SchedulerApplication       : Result of intFormat: 7
2019-03-27 00:00:44.913 DEBUG 2953 --- [clientInboundChannel-9] c.c.scheduler.SchedulerApplication       : Result of createEventObj: Event:id=null
eventName=ee
startDate=2019-03-12
endDate=2019-03-26
recurNum=0
recurPattern=d
weekPattern=
recurFreq=7

2019-03-27 00:00:44.917 DEBUG 2953 --- [clientInboundChannel-9] c.c.scheduler.SchedulerApplication       : Result of saveSingleEvent: Event:id=5c9aaf1c8b21930b89805af2
eventName=ee
startDate=2019-03-12
endDate=2019-03-26
recurNum=0
recurPattern=d
weekPattern=
recurFreq=7

2019-03-27 00:00:44.929 DEBUG 2953 --- [clientInboundChannel-12] c.c.scheduler.SchedulerApplication       : Input for insertSchedule: {"id":"5c9aaf1c8b21930b89805af2","eventName":"ee","startDate":"2019-03-12","endDate":"2019-03-26","recurNum":0,"recurPattern":"d","weekPattern":"","startMonth":0,"recurFreq":7}
2019-03-27 00:01:19.684 DEBUG 2953 --- [clientInboundChannel-12] c.c.scheduler.SchedulerApplication       : Input for intFormat: inputInt = 0 ~ expnVal = 0
2019-03-27 00:01:19.684 DEBUG 2953 --- [clientInboundChannel-12] c.c.scheduler.SchedulerApplication       : Result of intFormat: 0
2019-03-27 00:01:29.197 DEBUG 2953 --- [clientInboundChannel-12] c.c.scheduler.SchedulerApplication       : Input for intFormat: inputInt = 0 ~ expnVal = 0
2019-03-27 00:01:29.210 DEBUG 2953 --- [clientInboundChannel-12] c.c.scheduler.SchedulerApplication       : Result of intFormat: 0
2019-03-27 00:01:34.600 DEBUG 2953 --- [clientInboundChannel-12] c.c.scheduler.SchedulerApplication       : Input for intFormat: inputInt = 7 ~ expnVal = 1
2019-03-27 00:01:34.600 DEBUG 2953 --- [clientInboundChannel-12] c.c.scheduler.SchedulerApplication       : Result of intFormat: 7
2019-03-27 00:01:34.600 DEBUG 2953 --- [clientInboundChannel-12] c.c.scheduler.SchedulerApplication       : Input for dateFormat: inputDate = 2019-03-12 ~ dateType = start
2019-03-27 00:01:34.601 DEBUG 2953 --- [clientInboundChannel-12] c.c.scheduler.SchedulerApplication       : Result of dateFormat: 2019-03-12
2019-03-27 00:01:34.601 DEBUG 2953 --- [clientInboundChannel-12] c.c.scheduler.SchedulerApplication       : Input for dateFormat: inputDate = 2019-03-26 ~ dateType = end
2019-03-27 00:01:34.601 DEBUG 2953 --- [clientInboundChannel-12] c.c.scheduler.SchedulerApplication       : Result of dateFormat: 2019-03-26
2019-03-27 00:01:34.601 DEBUG 2953 --- [clientInboundChannel-12] c.c.scheduler.SchedulerApplication       : Input for charFormat: d
2019-03-27 00:01:34.601 DEBUG 2953 --- [clientInboundChannel-12] c.c.scheduler.SchedulerApplication       : Input for eliminateNull: d
2019-03-27 00:01:34.602 DEBUG 2953 --- [clientInboundChannel-12] c.c.scheduler.SchedulerApplication       : Result of eliminateNull: d
2019-03-27 00:01:34.602 DEBUG 2953 --- [clientInboundChannel-12] c.c.scheduler.SchedulerApplication       : Result of charFormat: d
2019-03-27 00:01:38.797 DEBUG 2953 --- [clientInboundChannel-12] c.c.scheduler.SchedulerApplication       : AND THE DIFFERENCE IS: 14
2019-03-27 00:01:38.798 DEBUG 2953 --- [clientInboundChannel-12] c.c.scheduler.SchedulerApplication       : Input for createScheduleObj: {id=5c9aaf1c8b21930b89805af2, eventName=ee, startDate=2019-03-12, endDate=2019-03-26, recurNum=0, recurPattern=d, weekPattern=, startMonth=0, recurFreq=7}
2019-03-27 00:01:38.798 DEBUG 2953 --- [clientInboundChannel-12] c.c.scheduler.SchedulerApplication       : Input for dateFormat: inputDate = 2019-03-12 ~ dateType = start
2019-03-27 00:01:38.799 DEBUG 2953 --- [clientInboundChannel-12] c.c.scheduler.SchedulerApplication       : Result of dateFormat: 2019-03-12
2019-03-27 00:01:38.799 DEBUG 2953 --- [clientInboundChannel-12] c.c.scheduler.SchedulerApplication       : Input for eliminateNull: 5c9aaf1c8b21930b89805af2
2019-03-27 00:01:38.799 DEBUG 2953 --- [clientInboundChannel-12] c.c.scheduler.SchedulerApplication       : Result of eliminateNull: 5c9aaf1c8b21930b89805af2
2019-03-27 00:01:38.799 DEBUG 2953 --- [clientInboundChannel-12] c.c.scheduler.SchedulerApplication       : Input for eliminateNull: ee
2019-03-27 00:01:38.799 DEBUG 2953 --- [clientInboundChannel-12] c.c.scheduler.SchedulerApplication       : Result of eliminateNull: ee
2019-03-27 00:01:38.799 DEBUG 2953 --- [clientInboundChannel-12] c.c.scheduler.SchedulerApplication       : Result of createScheduleObj: Schedule:id=null
eventId=5c9aaf1c8b21930b89805af2
eventName=ee
occurrenceDate=2019-03-12

2019-03-27 00:01:38.803 DEBUG 2953 --- [clientInboundChannel-12] c.c.scheduler.SchedulerApplication       : Input for createScheduleObj: {id=5c9aaf1c8b21930b89805af2, eventName=ee, startDate=2019-03-19, endDate=2019-03-26, recurNum=0, recurPattern=d, weekPattern=, startMonth=0, recurFreq=7}
2019-03-27 00:01:38.803 DEBUG 2953 --- [clientInboundChannel-12] c.c.scheduler.SchedulerApplication       : Input for dateFormat: inputDate = 2019-03-19 ~ dateType = start
2019-03-27 00:01:38.804 DEBUG 2953 --- [clientInboundChannel-12] c.c.scheduler.SchedulerApplication       : Result of dateFormat: 2019-03-19
2019-03-27 00:01:38.804 DEBUG 2953 --- [clientInboundChannel-12] c.c.scheduler.SchedulerApplication       : Input for eliminateNull: 5c9aaf1c8b21930b89805af2
2019-03-27 00:01:38.804 DEBUG 2953 --- [clientInboundChannel-12] c.c.scheduler.SchedulerApplication       : Result of eliminateNull: 5c9aaf1c8b21930b89805af2
2019-03-27 00:01:38.804 DEBUG 2953 --- [clientInboundChannel-12] c.c.scheduler.SchedulerApplication       : Input for eliminateNull: ee
2019-03-27 00:01:38.804 DEBUG 2953 --- [clientInboundChannel-12] c.c.scheduler.SchedulerApplication       : Result of eliminateNull: ee
2019-03-27 00:01:38.804 DEBUG 2953 --- [clientInboundChannel-12] c.c.scheduler.SchedulerApplication       : Result of createScheduleObj: Schedule:id=null
eventId=5c9aaf1c8b21930b89805af2
eventName=ee
occurrenceDate=2019-03-19

2019-03-27 00:01:38.813 DEBUG 2953 --- [clientInboundChannel-12] c.c.scheduler.SchedulerApplication       : Input for createScheduleObj: {id=5c9aaf1c8b21930b89805af2, eventName=ee, startDate=2019-03-26, endDate=2019-03-26, recurNum=0, recurPattern=d, weekPattern=, startMonth=0, recurFreq=7}
2019-03-27 00:01:38.814 DEBUG 2953 --- [clientInboundChannel-12] c.c.scheduler.SchedulerApplication       : Input for dateFormat: inputDate = 2019-03-26 ~ dateType = start
2019-03-27 00:01:38.814 DEBUG 2953 --- [clientInboundChannel-12] c.c.scheduler.SchedulerApplication       : Result of dateFormat: 2019-03-26
2019-03-27 00:01:38.814 DEBUG 2953 --- [clientInboundChannel-12] c.c.scheduler.SchedulerApplication       : Input for eliminateNull: 5c9aaf1c8b21930b89805af2
2019-03-27 00:01:38.814 DEBUG 2953 --- [clientInboundChannel-12] c.c.scheduler.SchedulerApplication       : Result of eliminateNull: 5c9aaf1c8b21930b89805af2
2019-03-27 00:01:38.814 DEBUG 2953 --- [clientInboundChannel-12] c.c.scheduler.SchedulerApplication       : Input for eliminateNull: ee
2019-03-27 00:01:38.814 DEBUG 2953 --- [clientInboundChannel-12] c.c.scheduler.SchedulerApplication       : Result of eliminateNull: ee
2019-03-27 00:01:38.814 DEBUG 2953 --- [clientInboundChannel-12] c.c.scheduler.SchedulerApplication       : Result of createScheduleObj: Schedule:id=null
eventId=5c9aaf1c8b21930b89805af2
eventName=ee
occurrenceDate=2019-03-26

2019-03-27 00:01:38.824 DEBUG 2953 --- [clientInboundChannel-12] c.c.scheduler.SchedulerApplication       : Result of insertSchedule: Schedule:id=5c9aaf528b21930b89805af5
eventId=5c9aaf1c8b21930b89805af2
eventName=ee
occurrenceDate=2019-03-26

2019-03-27 00:02:08.844  INFO 2953 --- [restartedMain] c.c.scheduler.SchedulerApplication       : Starting SchedulerApplication on Rajeshs-MacBook-Pro.local with PID 2953 (/Users/nrajesh/Documents/Workspace/scheduler/target/classes started by nrajesh in /Users/nrajesh/Documents/Workspace/scheduler)
2019-03-27 00:02:08.845 DEBUG 2953 --- [restartedMain] c.c.scheduler.SchedulerApplication       : Running with Spring Boot v2.1.3.RELEASE, Spring v5.1.5.RELEASE
2019-03-27 00:02:08.845  INFO 2953 --- [restartedMain] c.c.scheduler.SchedulerApplication       : No active profile set, falling back to default profiles: default
2019-03-27 00:02:10.166 DEBUG 2953 --- [restartedMain] o.h.v.i.e.resolver.TraversableResolvers  : Cannot find javax.persistence.Persistence on classpath. Assuming non JPA 2 environment. All properties will per default be traversable.
2019-03-27 00:02:10.166 DEBUG 2953 --- [restartedMain] .h.v.m.ResourceBundleMessageInterpolator : Loaded expression factory via original TCCL
2019-03-27 00:02:10.170 DEBUG 2953 --- [restartedMain] o.h.v.i.e.resolver.TraversableResolvers  : Cannot find javax.persistence.Persistence on classpath. Assuming non JPA 2 environment. All properties will per default be traversable.
2019-03-27 00:02:10.170 DEBUG 2953 --- [restartedMain] o.h.v.internal.engine.ConfigurationImpl  : Setting custom MessageInterpolator of type org.springframework.validation.beanvalidation.LocaleContextMessageInterpolator
2019-03-27 00:02:10.170 DEBUG 2953 --- [restartedMain] o.h.v.internal.engine.ConfigurationImpl  : Setting custom ConstraintValidatorFactory of type org.springframework.validation.beanvalidation.SpringConstraintValidatorFactory
2019-03-27 00:02:10.170 DEBUG 2953 --- [restartedMain] o.h.v.internal.engine.ConfigurationImpl  : Setting custom ParameterNameProvider of type org.springframework.validation.beanvalidation.LocalValidatorFactoryBean$1
2019-03-27 00:02:10.171 DEBUG 2953 --- [restartedMain] o.h.v.i.xml.config.ValidationXmlParser   : Trying to load META-INF/validation.xml for XML based Validator configuration.
2019-03-27 00:02:10.171 DEBUG 2953 --- [restartedMain] o.h.v.i.xml.config.ResourceLoaderHelper  : Trying to load META-INF/validation.xml via user class loader
2019-03-27 00:02:10.173 DEBUG 2953 --- [restartedMain] o.h.v.i.xml.config.ResourceLoaderHelper  : Trying to load META-INF/validation.xml via TCCL
2019-03-27 00:02:10.173 DEBUG 2953 --- [restartedMain] o.h.v.i.xml.config.ResourceLoaderHelper  : Trying to load META-INF/validation.xml via Hibernate Validator's class loader
2019-03-27 00:02:10.174 DEBUG 2953 --- [restartedMain] o.h.v.i.xml.config.ValidationXmlParser   : No META-INF/validation.xml found. Using annotation based configuration only.
2019-03-27 00:02:10.184 DEBUG 2953 --- [restartedMain] o.h.v.i.engine.ValidatorFactoryImpl      : HV000234: Using org.springframework.validation.beanvalidation.LocaleContextMessageInterpolator as ValidatorFactory-scoped message interpolator.
2019-03-27 00:02:10.185 DEBUG 2953 --- [restartedMain] o.h.v.i.engine.ValidatorFactoryImpl      : HV000234: Using org.hibernate.validator.internal.engine.resolver.TraverseAllTraversableResolver as ValidatorFactory-scoped traversable resolver.
2019-03-27 00:02:10.185 DEBUG 2953 --- [restartedMain] o.h.v.i.engine.ValidatorFactoryImpl      : HV000234: Using org.hibernate.validator.internal.util.ExecutableParameterNameProvider as ValidatorFactory-scoped parameter name provider.
2019-03-27 00:02:10.186 DEBUG 2953 --- [restartedMain] o.h.v.i.engine.ValidatorFactoryImpl      : HV000234: Using org.hibernate.validator.internal.engine.DefaultClockProvider as ValidatorFactory-scoped clock provider.
2019-03-27 00:02:10.186 DEBUG 2953 --- [restartedMain] o.h.v.i.engine.ValidatorFactoryImpl      : HV000234: Using org.hibernate.validator.internal.engine.scripting.DefaultScriptEvaluatorFactory as ValidatorFactory-scoped script evaluator factory.
2019-03-27 00:02:10.519  INFO 2953 --- [restartedMain] c.c.scheduler.SchedulerApplication       : Started SchedulerApplication in 1.723 seconds (JVM running for 709.608)
2019-03-27 00:02:10.524 DEBUG 2953 --- [restartedMain] c.c.scheduler.SchedulerApplication       : --Application Started--
2019-03-27 00:02:25.154  INFO 2953 --- [restartedMain] c.c.scheduler.SchedulerApplication       : Starting SchedulerApplication on Rajeshs-MacBook-Pro.local with PID 2953 (/Users/nrajesh/Documents/Workspace/scheduler/target/classes started by nrajesh in /Users/nrajesh/Documents/Workspace/scheduler)
2019-03-27 00:02:25.155 DEBUG 2953 --- [restartedMain] c.c.scheduler.SchedulerApplication       : Running with Spring Boot v2.1.3.RELEASE, Spring v5.1.5.RELEASE
2019-03-27 00:02:25.155  INFO 2953 --- [restartedMain] c.c.scheduler.SchedulerApplication       : No active profile set, falling back to default profiles: default
2019-03-27 00:02:26.458 DEBUG 2953 --- [restartedMain] o.h.v.i.e.resolver.TraversableResolvers  : Cannot find javax.persistence.Persistence on classpath. Assuming non JPA 2 environment. All properties will per default be traversable.
2019-03-27 00:02:26.458 DEBUG 2953 --- [restartedMain] .h.v.m.ResourceBundleMessageInterpolator : Loaded expression factory via original TCCL
2019-03-27 00:02:26.460 DEBUG 2953 --- [restartedMain] o.h.v.i.e.resolver.TraversableResolvers  : Cannot find javax.persistence.Persistence on classpath. Assuming non JPA 2 environment. All properties will per default be traversable.
2019-03-27 00:02:26.460 DEBUG 2953 --- [restartedMain] o.h.v.internal.engine.ConfigurationImpl  : Setting custom MessageInterpolator of type org.springframework.validation.beanvalidation.LocaleContextMessageInterpolator
2019-03-27 00:02:26.460 DEBUG 2953 --- [restartedMain] o.h.v.internal.engine.ConfigurationImpl  : Setting custom ConstraintValidatorFactory of type org.springframework.validation.beanvalidation.SpringConstraintValidatorFactory
2019-03-27 00:02:26.460 DEBUG 2953 --- [restartedMain] o.h.v.internal.engine.ConfigurationImpl  : Setting custom ParameterNameProvider of type org.springframework.validation.beanvalidation.LocalValidatorFactoryBean$1
2019-03-27 00:02:26.461 DEBUG 2953 --- [restartedMain] o.h.v.i.xml.config.ValidationXmlParser   : Trying to load META-INF/validation.xml for XML based Validator configuration.
2019-03-27 00:02:26.461 DEBUG 2953 --- [restartedMain] o.h.v.i.xml.config.ResourceLoaderHelper  : Trying to load META-INF/validation.xml via user class loader
2019-03-27 00:02:26.461 DEBUG 2953 --- [restartedMain] o.h.v.i.xml.config.ResourceLoaderHelper  : Trying to load META-INF/validation.xml via TCCL
2019-03-27 00:02:26.461 DEBUG 2953 --- [restartedMain] o.h.v.i.xml.config.ResourceLoaderHelper  : Trying to load META-INF/validation.xml via Hibernate Validator's class loader
2019-03-27 00:02:26.461 DEBUG 2953 --- [restartedMain] o.h.v.i.xml.config.ValidationXmlParser   : No META-INF/validation.xml found. Using annotation based configuration only.
2019-03-27 00:02:26.473 DEBUG 2953 --- [restartedMain] o.h.v.i.engine.ValidatorFactoryImpl      : HV000234: Using org.springframework.validation.beanvalidation.LocaleContextMessageInterpolator as ValidatorFactory-scoped message interpolator.
2019-03-27 00:02:26.473 DEBUG 2953 --- [restartedMain] o.h.v.i.engine.ValidatorFactoryImpl      : HV000234: Using org.hibernate.validator.internal.engine.resolver.TraverseAllTraversableResolver as ValidatorFactory-scoped traversable resolver.
2019-03-27 00:02:26.473 DEBUG 2953 --- [restartedMain] o.h.v.i.engine.ValidatorFactoryImpl      : HV000234: Using org.hibernate.validator.internal.util.ExecutableParameterNameProvider as ValidatorFactory-scoped parameter name provider.
2019-03-27 00:02:26.473 DEBUG 2953 --- [restartedMain] o.h.v.i.engine.ValidatorFactoryImpl      : HV000234: Using org.hibernate.validator.internal.engine.DefaultClockProvider as ValidatorFactory-scoped clock provider.
2019-03-27 00:02:26.473 DEBUG 2953 --- [restartedMain] o.h.v.i.engine.ValidatorFactoryImpl      : HV000234: Using org.hibernate.validator.internal.engine.scripting.DefaultScriptEvaluatorFactory as ValidatorFactory-scoped script evaluator factory.
2019-03-27 00:02:26.823  INFO 2953 --- [restartedMain] c.c.scheduler.SchedulerApplication       : Started SchedulerApplication in 1.726 seconds (JVM running for 725.911)
2019-03-27 00:02:26.826 DEBUG 2953 --- [restartedMain] c.c.scheduler.SchedulerApplication       : --Application Started--
2019-03-27 00:02:41.887  INFO 2953 --- [restartedMain] c.c.scheduler.SchedulerApplication       : Starting SchedulerApplication on Rajeshs-MacBook-Pro.local with PID 2953 (/Users/nrajesh/Documents/Workspace/scheduler/target/classes started by nrajesh in /Users/nrajesh/Documents/Workspace/scheduler)
2019-03-27 00:02:41.887 DEBUG 2953 --- [restartedMain] c.c.scheduler.SchedulerApplication       : Running with Spring Boot v2.1.3.RELEASE, Spring v5.1.5.RELEASE
2019-03-27 00:02:41.888  INFO 2953 --- [restartedMain] c.c.scheduler.SchedulerApplication       : No active profile set, falling back to default profiles: default
2019-03-27 00:02:43.195 DEBUG 2953 --- [restartedMain] o.h.v.i.e.resolver.TraversableResolvers  : Cannot find javax.persistence.Persistence on classpath. Assuming non JPA 2 environment. All properties will per default be traversable.
2019-03-27 00:02:43.201 DEBUG 2953 --- [restartedMain] .h.v.m.ResourceBundleMessageInterpolator : Loaded expression factory via original TCCL
2019-03-27 00:02:43.203 DEBUG 2953 --- [restartedMain] o.h.v.i.e.resolver.TraversableResolvers  : Cannot find javax.persistence.Persistence on classpath. Assuming non JPA 2 environment. All properties will per default be traversable.
2019-03-27 00:02:43.203 DEBUG 2953 --- [restartedMain] o.h.v.internal.engine.ConfigurationImpl  : Setting custom MessageInterpolator of type org.springframework.validation.beanvalidation.LocaleContextMessageInterpolator
2019-03-27 00:02:43.203 DEBUG 2953 --- [restartedMain] o.h.v.internal.engine.ConfigurationImpl  : Setting custom ConstraintValidatorFactory of type org.springframework.validation.beanvalidation.SpringConstraintValidatorFactory
2019-03-27 00:02:43.203 DEBUG 2953 --- [restartedMain] o.h.v.internal.engine.ConfigurationImpl  : Setting custom ParameterNameProvider of type org.springframework.validation.beanvalidation.LocalValidatorFactoryBean$1
2019-03-27 00:02:43.203 DEBUG 2953 --- [restartedMain] o.h.v.i.xml.config.ValidationXmlParser   : Trying to load META-INF/validation.xml for XML based Validator configuration.
2019-03-27 00:02:43.204 DEBUG 2953 --- [restartedMain] o.h.v.i.xml.config.ResourceLoaderHelper  : Trying to load META-INF/validation.xml via user class loader
2019-03-27 00:02:43.204 DEBUG 2953 --- [restartedMain] o.h.v.i.xml.config.ResourceLoaderHelper  : Trying to load META-INF/validation.xml via TCCL
2019-03-27 00:02:43.204 DEBUG 2953 --- [restartedMain] o.h.v.i.xml.config.ResourceLoaderHelper  : Trying to load META-INF/validation.xml via Hibernate Validator's class loader
2019-03-27 00:02:43.205 DEBUG 2953 --- [restartedMain] o.h.v.i.xml.config.ValidationXmlParser   : No META-INF/validation.xml found. Using annotation based configuration only.
2019-03-27 00:02:43.238 DEBUG 2953 --- [restartedMain] o.h.v.i.engine.ValidatorFactoryImpl      : HV000234: Using org.springframework.validation.beanvalidation.LocaleContextMessageInterpolator as ValidatorFactory-scoped message interpolator.
2019-03-27 00:02:43.239 DEBUG 2953 --- [restartedMain] o.h.v.i.engine.ValidatorFactoryImpl      : HV000234: Using org.hibernate.validator.internal.engine.resolver.TraverseAllTraversableResolver as ValidatorFactory-scoped traversable resolver.
2019-03-27 00:02:43.239 DEBUG 2953 --- [restartedMain] o.h.v.i.engine.ValidatorFactoryImpl      : HV000234: Using org.hibernate.validator.internal.util.ExecutableParameterNameProvider as ValidatorFactory-scoped parameter name provider.
2019-03-27 00:02:43.239 DEBUG 2953 --- [restartedMain] o.h.v.i.engine.ValidatorFactoryImpl      : HV000234: Using org.hibernate.validator.internal.engine.DefaultClockProvider as ValidatorFactory-scoped clock provider.
2019-03-27 00:02:43.239 DEBUG 2953 --- [restartedMain] o.h.v.i.engine.ValidatorFactoryImpl      : HV000234: Using org.hibernate.validator.internal.engine.scripting.DefaultScriptEvaluatorFactory as ValidatorFactory-scoped script evaluator factory.
